<?xml version="1.0" encoding="UTF-8"?>
<!-- Generated by org.testng.reporters.JUnitReportReporter -->
<testsuite hostname="VIJAY" failures="0" tests="6" name="test.Test1" time="54.167" errors="0" timestamp="2025-07-12T11:12:52 IST" skipped="5">
  <testcase classname="test.Test1" name="play_MinesAutoGame" time="54.167"/>
  <testcase classname="test.Test1" name="play_OpenCaseGame">
    <skipped/>
  </testcase> <!-- play_OpenCaseGame -->
  <testcase classname="test.Test1" name="signIN">
    <skipped/>
  </testcase> <!-- signIN -->
  <testcase classname="test.Test1" name="game_dropdown">
    <skipped/>
  </testcase> <!-- game_dropdown -->
  <testcase classname="test.Test1" name="play_DiceGame">
    <skipped/>
  </testcase> <!-- play_DiceGame -->
  <testcase classname="test.Test1" name="play_MinesManualGame">
    <skipped/>
  </testcase> <!-- play_MinesManualGame -->
  <system-out>
    <![CDATA[Launching Browser
Closing the browser]]>
  </system-out>
</testsuite> <!-- test.Test1 -->
