<?xml version="1.0" encoding="UTF-8"?>
<!-- Generated by org.testng.reporters.JUnitReportReporter -->
<testsuite hostname="VIJAY" failures="1" tests="5" name="test.Test1" time="150.032" errors="0" timestamp="2025-07-13T18:46:32 IST" skipped="0">
  <testcase classname="test.Test1" name="game_dropdown" time="18.519">
    <system-out>
      <![CDATA[Dropdown Working Properly & Player landed on Mines Game Page]]>
    </system-out>
  </testcase> <!-- game_dropdown -->
  <testcase classname="test.Test1" name="play_MinesManualGame" time="33.946">
    <failure message="Mismatch at column 1 expected [Mines] but found [Dice]" type="java.lang.AssertionError">
      <![CDATA[java.lang.AssertionError: Mismatch at column 1 expected [Mines] but found [Dice]
at org.testng.Assert.fail(Assert.java:111)
at org.testng.Assert.failNotEquals(Assert.java:1578)
at org.testng.Assert.assertEqualsImpl(Assert.java:150)
at org.testng.Assert.assertEquals(Assert.java:132)
at org.testng.Assert.assertEquals(Assert.java:656)
at test.Test1.play_MinesManualGame(Test1.java:107)
at java.base/jdk.internal.reflect.NativeMethodAccessorImpl.invoke0(Native Method)
at java.base/jdk.internal.reflect.NativeMethodAccessorImpl.invoke(NativeMethodAccessorImpl.java:77)
at java.base/jdk.internal.reflect.DelegatingMethodAccessorImpl.invoke(DelegatingMethodAccessorImpl.java:43)
at java.base/java.lang.reflect.Method.invoke(Method.java:568)
at org.testng.internal.invokers.MethodInvocationHelper.invokeMethod(MethodInvocationHelper.java:139)
at org.testng.internal.invokers.TestInvoker.invokeMethod(TestInvoker.java:664)
at org.testng.internal.invokers.TestInvoker.invokeTestMethod(TestInvoker.java:228)
at org.testng.internal.invokers.MethodRunner.runInSequence(MethodRunner.java:63)
at org.testng.internal.invokers.TestInvoker$MethodInvocationAgent.invoke(TestInvoker.java:961)
at org.testng.internal.invokers.TestInvoker.invokeTestMethods(TestInvoker.java:201)
at org.testng.internal.invokers.TestMethodWorker.invokeTestMethods(TestMethodWorker.java:148)
at org.testng.internal.invokers.TestMethodWorker.run(TestMethodWorker.java:128)
at java.base/java.util.ArrayList.forEach(ArrayList.java:1511)
at org.testng.TestRunner.privateRun(TestRunner.java:819)
at org.testng.TestRunner.run(TestRunner.java:619)
at org.testng.SuiteRunner.runTest(SuiteRunner.java:443)
at org.testng.SuiteRunner.runSequentially(SuiteRunner.java:437)
at org.testng.SuiteRunner.privateRun(SuiteRunner.java:397)
at org.testng.SuiteRunner.run(SuiteRunner.java:336)
at org.testng.SuiteRunnerWorker.runSuite(SuiteRunnerWorker.java:52)
at org.testng.SuiteRunnerWorker.run(SuiteRunnerWorker.java:95)
at org.testng.TestNG.runSuitesSequentially(TestNG.java:1301)
at org.testng.TestNG.runSuitesLocally(TestNG.java:1228)
at org.testng.TestNG.runSuites(TestNG.java:1134)
at org.testng.TestNG.run(TestNG.java:1101)
at org.apache.maven.surefire.testng.TestNGExecutor.run(TestNGExecutor.java:308)
at org.apache.maven.surefire.testng.TestNGXmlTestSuite.execute(TestNGXmlTestSuite.java:71)
at org.apache.maven.surefire.testng.TestNGProvider.invoke(TestNGProvider.java:113)
at org.apache.maven.surefire.booter.ForkedBooter.runSuitesInProcess(ForkedBooter.java:385)
at org.apache.maven.surefire.booter.ForkedBooter.execute(ForkedBooter.java:162)
at org.apache.maven.surefire.booter.ForkedBooter.run(ForkedBooter.java:507)
at org.apache.maven.surefire.booter.ForkedBooter.main(ForkedBooter.java:495)
]]>
    </failure>
    <system-out>
      <![CDATA[Mines Game Played Successfully
Taking ScreenShot
Saved ScreenShot atC:\Users\vijay\eclipse-workspace\info.cryptocrash\screenshots\cryptoCrashplay_MinesManualGame_13.07.2025.18.44.53.png]]>
    </system-out>
  </testcase> <!-- play_MinesManualGame -->
  <testcase classname="test.Test1" name="play_MinesAutoGame" time="56.066"/>
  <testcase classname="test.Test1" name="play_DiceGame" time="20.557">
    <system-out>
      <![CDATA[Dice Game Played Sucessfully]]>
    </system-out>
  </testcase> <!-- play_DiceGame -->
  <testcase classname="test.Test1" name="play_OpenCaseGame" time="20.944">
    <system-out>
      <![CDATA[OpenCase Game Played Successfully]]>
    </system-out>
  </testcase> <!-- play_OpenCaseGame -->
  <system-out>
    <![CDATA[Launching Browser
Dropdown Working Properly & Player landed on Mines Game Page
Closing the browser
Launching Browser
Mines Game Played Successfully
Taking ScreenShot
Saved ScreenShot atC:\Users\vijay\eclipse-workspace\info.cryptocrash\screenshots\cryptoCrashplay_MinesManualGame_13.07.2025.18.44.53.png
Closing the browser
Launching Browser
Closing the browser
Launching Browser
Dice Game Played Sucessfully
Closing the browser
Launching Browser
OpenCase Game Played Successfully
Closing the browser]]>
  </system-out>
</testsuite> <!-- test.Test1 -->
