<?xml version="1.0" encoding="UTF-8"?>
<!-- Generated by org.testng.reporters.JUnitReportReporter -->
<testsuite hostname="VIJAY" failures="0" tests="6" name="test.Test1" time="108.146" errors="0" timestamp="2025-07-13T11:11:40 IST" skipped="3">
  <testcase classname="test.Test1" name="game_dropdown" time="18.560">
    <system-out>
      <![CDATA[Dropdown Working Properly & Player landed on Mines Game Page]]>
    </system-out>
  </testcase> <!-- game_dropdown -->
  <testcase classname="test.Test1" name="play_MinesManualGame" time="33.676">
    <system-out>
      <![CDATA[Mines Game Played Successfully]]>
    </system-out>
  </testcase> <!-- play_MinesManualGame -->
  <testcase classname="test.Test1" name="play_MinesAutoGame" time="55.910"/>
  <testcase classname="test.Test1" name="signIN">
    <skipped/>
  </testcase> <!-- signIN -->
  <testcase classname="test.Test1" name="play_DiceGame">
    <skipped/>
  </testcase> <!-- play_DiceGame -->
  <testcase classname="test.Test1" name="play_OpenCaseGame">
    <skipped/>
  </testcase> <!-- play_OpenCaseGame -->
  <system-out>
    <![CDATA[Launching Browser
Dropdown Working Properly & Player landed on Mines Game Page
Closing the browser
Launching Browser
Mines Game Played Successfully
Closing the browser
Launching Browser
Closing the browser]]>
  </system-out>
</testsuite> <!-- test.Test1 -->
